{
  "stats": {
    "suites": 1,
    "tests": 3,
    "passes": 3,
    "pending": 0,
    "failures": 0,
    "start": "2025-05-26T10:02:09.301Z",
    "end": "2025-05-26T10:02:12.488Z",
    "duration": 3187,
    "testsRegistered": 3,
    "passPercent": 100,
    "pendingPercent": 0,
    "other": 0,
    "hasOther": false,
    "skipped": 0,
    "hasSkipped": false
  },
  "results": [
    {
      "uuid": "982df45b-c49b-4f07-89cd-42b5e7de37cc",
      "title": "",
      "fullFile": "cypress\\e2e\\navigation.cy.js",
      "file": "cypress\\e2e\\navigation.cy.js",
      "beforeHooks": [],
      "afterHooks": [],
      "tests": [],
      "suites": [
        {
          "uuid": "f120bd23-eac6-4f2e-b591-0f8a45b2825f",
          "title": "Navigation test",
          "fullFile": "",
          "file": "",
          "beforeHooks": [],
          "afterHooks": [],
          "tests": [
            {
              "title": "Navigation through the product catalog",
              "fullTitle": "Navigation test Navigation through the product catalog",
              "timedOut": null,
              "duration": 1120,
              "state": "passed",
              "speed": "fast",
              "pass": true,
              "fail": false,
              "pending": false,
              "context": null,
              "code": "inventoryPage.productCount(6); // Verify that 6 products are displayed",
              "err": {},
              "uuid": "dac6ba10-78b4-49c1-9b58-0f5736b514dd",
              "parentUUID": "f120bd23-eac6-4f2e-b591-0f8a45b2825f",
              "isHook": false,
              "skipped": false
            },
            {
              "title": "Sort Product by low to high",
              "fullTitle": "Navigation test Sort Product by low to high",
              "timedOut": null,
              "duration": 1047,
              "state": "passed",
              "speed": "fast",
              "pass": true,
              "fail": false,
              "pending": false,
              "context": null,
              "code": "inventoryPage.sortProduct('lohi'); // Sort products by price (low to high)\ncy.get('.inventory_item_price').first().should('contain', '$7.99'); // Verify the first product's price is $7.99",
              "err": {},
              "uuid": "0c111e03-2f73-4d49-a548-2a28e85c1f3a",
              "parentUUID": "f120bd23-eac6-4f2e-b591-0f8a45b2825f",
              "isHook": false,
              "skipped": false
            },
            {
              "title": "Open product details",
              "fullTitle": "Navigation test Open product details",
              "timedOut": null,
              "duration": 883,
              "state": "passed",
              "speed": "fast",
              "pass": true,
              "fail": false,
              "pending": false,
              "context": null,
              "code": "inventoryPage.detailProduct('Sauce Labs Backpack'); // Open details for \"Sauce Labs Backpack\"\ncy.url().should('include', '/inventory-item.html?id=4'); // Verify the URL includes the product details page",
              "err": {},
              "uuid": "be187c20-78b6-440f-b319-c6e4efd30225",
              "parentUUID": "f120bd23-eac6-4f2e-b591-0f8a45b2825f",
              "isHook": false,
              "skipped": false
            }
          ],
          "suites": [],
          "passes": [
            "dac6ba10-78b4-49c1-9b58-0f5736b514dd",
            "0c111e03-2f73-4d49-a548-2a28e85c1f3a",
            "be187c20-78b6-440f-b319-c6e4efd30225"
          ],
          "failures": [],
          "pending": [],
          "skipped": [],
          "duration": 3050,
          "root": false,
          "rootEmpty": false,
          "_timeout": 2000
        }
      ],
      "passes": [],
      "failures": [],
      "pending": [],
      "skipped": [],
      "duration": 0,
      "root": true,
      "rootEmpty": true,
      "_timeout": 2000
    }
  ],
  "meta": {
    "mocha": {
      "version": "7.2.0"
    },
    "mochawesome": {
      "options": {
        "quiet": false,
        "reportFilename": "mochawesome",
        "saveHtml": true,
        "saveJson": true,
        "consoleReporter": "spec",
        "useInlineDiffs": false,
        "code": true
      },
      "version": "7.1.3"
    },
    "marge": {
      "options": {
        "reportDir": "cypress/results",
        "overwrite": false,
        "html": true,
        "json": true
      },
      "version": "6.2.0"
    }
  }
}