{
  "stats": {
    "suites": 1,
    "tests": 7,
    "passes": 7,
    "pending": 0,
    "failures": 0,
    "start": "2025-05-26T17:42:12.256Z",
    "end": "2025-05-26T17:42:24.116Z",
    "duration": 11860,
    "testsRegistered": 7,
    "passPercent": 100,
    "pendingPercent": 0,
    "other": 0,
    "hasOther": false,
    "skipped": 0,
    "hasSkipped": false
  },
  "results": [
    {
      "uuid": "161fab96-d0bc-4cf0-b6f5-852ce7336d02",
      "title": "",
      "fullFile": "cypress\\e2e\\login\\login.cy.js",
      "file": "cypress\\e2e\\login\\login.cy.js",
      "beforeHooks": [],
      "afterHooks": [],
      "tests": [],
      "suites": [
        {
          "uuid": "476455cd-ec14-4c71-918f-4a7575924eaa",
          "title": "Login Tests",
          "fullFile": "",
          "file": "",
          "beforeHooks": [],
          "afterHooks": [],
          "tests": [
            {
              "title": "Login page successfully",
              "fullTitle": "Login Tests Login page successfully",
              "timedOut": null,
              "duration": 1087,
              "state": "passed",
              "speed": "fast",
              "pass": true,
              "fail": false,
              "pending": false,
              "context": null,
              "code": "cy.title().should('eq', 'Swag Labs'); // Check page title\nloginPage.submitLogin(Cypress.env('username'), Cypress.env('password')); // Perform login\ncy.url().should('include', '/inventory.html'); // Verify successful navigation",
              "err": {},
              "uuid": "32b2ca21-1c30-4798-9c75-2100f13df123",
              "parentUUID": "476455cd-ec14-4c71-918f-4a7575924eaa",
              "isHook": false,
              "skipped": false
            },
            {
              "title": "Login with invalid credentials",
              "fullTitle": "Login Tests Login with invalid credentials",
              "timedOut": null,
              "duration": 943,
              "state": "passed",
              "speed": "fast",
              "pass": true,
              "fail": false,
              "pending": false,
              "context": null,
              "code": "cy.title().should('eq', 'Swag Labs'); // Check page title\nloginPage.submitLogin(Cypress.env('username'), Cypress.env('wrongPassword')); // Attempt login with wrong password\nloginPage.errorMessage('Epic sadface: Username and password do not match any user in this service'); // Check error message",
              "err": {},
              "uuid": "a40d32a2-4588-4894-aa64-0c040d85d362",
              "parentUUID": "476455cd-ec14-4c71-918f-4a7575924eaa",
              "isHook": false,
              "skipped": false
            },
            {
              "title": "Login with locked out user",
              "fullTitle": "Login Tests Login with locked out user",
              "timedOut": null,
              "duration": 845,
              "state": "passed",
              "speed": "fast",
              "pass": true,
              "fail": false,
              "pending": false,
              "context": null,
              "code": "cy.title().should('eq', 'Swag Labs'); // Check page title\nloginPage.submitLogin(Cypress.env('lockedUsername'), Cypress.env('password')); // Attempt login with locked user\nloginPage.errorMessage('Epic sadface: Sorry, this user has been locked out.'); // Check error message",
              "err": {},
              "uuid": "6d8be398-1f72-4039-9faa-99cdca4065e6",
              "parentUUID": "476455cd-ec14-4c71-918f-4a7575924eaa",
              "isHook": false,
              "skipped": false
            },
            {
              "title": "Login with problem user",
              "fullTitle": "Login Tests Login with problem user",
              "timedOut": null,
              "duration": 966,
              "state": "passed",
              "speed": "fast",
              "pass": true,
              "fail": false,
              "pending": false,
              "context": null,
              "code": "cy.title().should('eq', 'Swag Labs'); // Check page title\nloginPage.submitLogin(Cypress.env('problemUsername'), Cypress.env('password')); // Login as problem user\ncy.url().should('include', '/inventory.html'); // Verify navigation\n// Check that the image is not the expected one\ncy.get('#item_4_img_link').should('not.be.a.equal', '/static/media/sauce-backpack-1200x1500.0a0b85a3.jpg');\n// Add and remove item from cart\ncy.get('#add-to-cart-sauce-labs-backpack').click();\ncy.get('#remove-sauce-labs-backpack').dblclick();\ncy.get('#remove-sauce-labs-backpack').should('be.contain', 'Remove');",
              "err": {},
              "uuid": "5300271d-e321-4aaf-a44f-7cafb7fd4611",
              "parentUUID": "476455cd-ec14-4c71-918f-4a7575924eaa",
              "isHook": false,
              "skipped": false
            },
            {
              "title": "Login with performance user",
              "fullTitle": "Login Tests Login with performance user",
              "timedOut": null,
              "duration": 5930,
              "state": "passed",
              "speed": "medium",
              "pass": true,
              "fail": false,
              "pending": false,
              "context": null,
              "code": "const startTime = performance.now();\nconst loadTime = performance.now() - startTime;\ncy.log(`Time to load: ${loadTime.toFixed(0)} ms`); // Log load time\ncy.title().should('eq', 'Swag Labs'); // Check page title\nloginPage.submitLogin(Cypress.env('performanceUsername'), Cypress.env('password')); // Login as performance user\n// Log navigation performance metrics\ncy.window().then(win => {\n  const [entry] = win.performance.getEntriesByType('navigation');\n  console.table({\n    'Full Load': `${entry.loadEventEnd} ms`\n  });\n});\ncy.url().should('include', '/inventory.html'); // Verify navigation",
              "err": {},
              "uuid": "bca9ee74-725b-4929-b747-c45bd4598090",
              "parentUUID": "476455cd-ec14-4c71-918f-4a7575924eaa",
              "isHook": false,
              "skipped": false
            },
            {
              "title": "Login with error user",
              "fullTitle": "Login Tests Login with error user",
              "timedOut": null,
              "duration": 948,
              "state": "passed",
              "speed": "fast",
              "pass": true,
              "fail": false,
              "pending": false,
              "context": null,
              "code": "// Handle expected uncaught exception\ncy.on('uncaught:exception', err => {\n  if (err.message.includes('Failed to remove item from cart')) {\n    console.log('Expected Error:', err.message);\n    return false; // Prevent Cypress from failing the test\n  }\n  return true; // Allow other errors to fail the test\n});\ncy.title().should('eq', 'Swag Labs'); // Check page title\nloginPage.submitLogin(Cypress.env('errorUsername'), Cypress.env('password')); // Login as error user\ncy.url().should('include', '/inventory.html'); // Verify navigation\n// Add and remove item from cart, check for correct button state\ncy.get('#item_4_img_link').should('not.be.a.equal', '/static/media/sauce-backpack-1200x1500.0a0b85a3.jpg');\ncy.get('#add-to-cart-sauce-labs-backpack').click();\ncy.get('#remove-sauce-labs-backpack').click();\ncy.get('#remove-sauce-labs-backpack').should('be.contain', 'Remove');",
              "err": {},
              "uuid": "12e95d40-7fe4-4057-8f31-38b4fd40bf3f",
              "parentUUID": "476455cd-ec14-4c71-918f-4a7575924eaa",
              "isHook": false,
              "skipped": false
            },
            {
              "title": "Login with visual user",
              "fullTitle": "Login Tests Login with visual user",
              "timedOut": null,
              "duration": 801,
              "state": "passed",
              "speed": "fast",
              "pass": true,
              "fail": false,
              "pending": false,
              "context": null,
              "code": "cy.title().should('eq', 'Swag Labs'); // Check page title\nloginPage.submitLogin(Cypress.env('visualUsername'), Cypress.env('password')); // Login as visual user\ncy.url().should('include', '/inventory.html'); // Verify navigation\n// Check that the image is not the expected or error image\ncy.get('#item_4_img_link').should('not.be.a.equal', '/static/media/sauce-backpack-1200x1500.0a0b85a3.jpg');\ncy.get('#item_4_img_link').should('not.be.a.equal', '/static/media/sl-404.168b1cce.jpg');",
              "err": {},
              "uuid": "79a74b4d-c9e1-471d-97b8-726d9b457841",
              "parentUUID": "476455cd-ec14-4c71-918f-4a7575924eaa",
              "isHook": false,
              "skipped": false
            }
          ],
          "suites": [],
          "passes": [
            "32b2ca21-1c30-4798-9c75-2100f13df123",
            "a40d32a2-4588-4894-aa64-0c040d85d362",
            "6d8be398-1f72-4039-9faa-99cdca4065e6",
            "5300271d-e321-4aaf-a44f-7cafb7fd4611",
            "bca9ee74-725b-4929-b747-c45bd4598090",
            "12e95d40-7fe4-4057-8f31-38b4fd40bf3f",
            "79a74b4d-c9e1-471d-97b8-726d9b457841"
          ],
          "failures": [],
          "pending": [],
          "skipped": [],
          "duration": 11520,
          "root": false,
          "rootEmpty": false,
          "_timeout": 2000
        }
      ],
      "passes": [],
      "failures": [],
      "pending": [],
      "skipped": [],
      "duration": 0,
      "root": true,
      "rootEmpty": true,
      "_timeout": 2000
    }
  ],
  "meta": {
    "mocha": {
      "version": "7.2.0"
    },
    "mochawesome": {
      "options": {
        "quiet": false,
        "reportFilename": "mochawesome",
        "saveHtml": true,
        "saveJson": true,
        "consoleReporter": "spec",
        "useInlineDiffs": false,
        "code": true
      },
      "version": "7.1.3"
    },
    "marge": {
      "options": {
        "reportDir": "cypress/results",
        "overwrite": false,
        "html": true,
        "json": true
      },
      "version": "6.2.0"
    }
  }
}