{
  "stats": {
    "suites": 1,
    "tests": 2,
    "passes": 2,
    "pending": 0,
    "failures": 0,
    "start": "2025-05-26T10:01:24.107Z",
    "end": "2025-05-26T10:01:27.358Z",
    "duration": 3251,
    "testsRegistered": 2,
    "passPercent": 100,
    "pendingPercent": 0,
    "other": 0,
    "hasOther": false,
    "skipped": 0,
    "hasSkipped": false
  },
  "results": [
    {
      "uuid": "70fff71a-27f8-409d-92ce-7084e07edd22",
      "title": "",
      "fullFile": "cypress\\e2e\\cart.cy.js",
      "file": "cypress\\e2e\\cart.cy.js",
      "beforeHooks": [],
      "afterHooks": [],
      "tests": [],
      "suites": [
        {
          "uuid": "ac5aff8c-6c2a-4bfb-8977-554cf82dbb16",
          "title": "Cart Tests",
          "fullFile": "",
          "file": "",
          "beforeHooks": [],
          "afterHooks": [],
          "tests": [
            {
              "title": "Add item to cart",
              "fullTitle": "Cart Tests Add item to cart",
              "timedOut": null,
              "duration": 2028,
              "state": "passed",
              "speed": "fast",
              "pass": true,
              "fail": false,
              "pending": false,
              "context": null,
              "code": "inventoryPage.addCart('Sauce Labs Backpack'); // Add item to cart\ninventoryPage.goCart(); // Navigate to cart\ncartPage.existItemsInCart('Sauce Labs Backpack'); // Verify item exists in cart",
              "err": {},
              "uuid": "c004ecbf-3999-44a4-b0e5-c89678135cd8",
              "parentUUID": "ac5aff8c-6c2a-4bfb-8977-554cf82dbb16",
              "isHook": false,
              "skipped": false
            },
            {
              "title": "Should remove a product from cart",
              "fullTitle": "Cart Tests Should remove a product from cart",
              "timedOut": null,
              "duration": 1120,
              "state": "passed",
              "speed": "fast",
              "pass": true,
              "fail": false,
              "pending": false,
              "context": null,
              "code": "inventoryPage.addCart('Sauce Labs Bike Light'); // Add item to cart\ninventoryPage.goCart(); // Navigate to cart\ncartPage.existItemsInCart('Sauce Labs Bike Light'); // Verify item exists in cart\ninventoryPage.removeCart('Sauce Labs Bike Light'); // Remove item from cart\ncy.contains('Sauce Labs Bike Light').should('not.exist'); // Verify item is removed",
              "err": {},
              "uuid": "556c171e-a912-4685-a8cd-ed5c05acfeb8",
              "parentUUID": "ac5aff8c-6c2a-4bfb-8977-554cf82dbb16",
              "isHook": false,
              "skipped": false
            }
          ],
          "suites": [],
          "passes": [
            "c004ecbf-3999-44a4-b0e5-c89678135cd8",
            "556c171e-a912-4685-a8cd-ed5c05acfeb8"
          ],
          "failures": [],
          "pending": [],
          "skipped": [],
          "duration": 3148,
          "root": false,
          "rootEmpty": false,
          "_timeout": 2000
        }
      ],
      "passes": [],
      "failures": [],
      "pending": [],
      "skipped": [],
      "duration": 0,
      "root": true,
      "rootEmpty": true,
      "_timeout": 2000
    }
  ],
  "meta": {
    "mocha": {
      "version": "7.2.0"
    },
    "mochawesome": {
      "options": {
        "quiet": false,
        "reportFilename": "mochawesome",
        "saveHtml": true,
        "saveJson": true,
        "consoleReporter": "spec",
        "useInlineDiffs": false,
        "code": true
      },
      "version": "7.1.3"
    },
    "marge": {
      "options": {
        "reportDir": "cypress/results",
        "overwrite": false,
        "html": true,
        "json": true
      },
      "version": "6.2.0"
    }
  }
}