{
  "stats": {
    "suites": 1,
    "tests": 2,
    "passes": 2,
    "pending": 0,
    "failures": 0,
    "start": "2025-05-26T17:33:55.666Z",
    "end": "2025-05-26T17:33:59.947Z",
    "duration": 4281,
    "testsRegistered": 2,
    "passPercent": 100,
    "pendingPercent": 0,
    "other": 0,
    "hasOther": false,
    "skipped": 0,
    "hasSkipped": false
  },
  "results": [
    {
      "uuid": "e05e8119-3b5c-4b6c-9679-676e76d91ddb",
      "title": "",
      "fullFile": "cypress\\e2e\\api_checkout\\checkout.cy.js",
      "file": "cypress\\e2e\\api_checkout\\checkout.cy.js",
      "beforeHooks": [],
      "afterHooks": [],
      "tests": [],
      "suites": [
        {
          "uuid": "bf7747f4-5df9-44e4-bc5b-c8c3de25d835",
          "title": "Checkout Tests",
          "fullFile": "",
          "file": "",
          "beforeHooks": [],
          "afterHooks": [],
          "tests": [
            {
              "title": "Checkout with items in cart",
              "fullTitle": "Checkout Tests Checkout with items in cart",
              "timedOut": null,
              "duration": 2136,
              "state": "passed",
              "speed": "fast",
              "pass": true,
              "fail": false,
              "pending": false,
              "context": null,
              "code": "inventoryPage.addCart('Sauce Labs Backpack'); // Add first item to cart\ninventoryPage.addCart('Sauce Labs Bike Light'); // Add second item to cart\ninventoryPage.goCart(); // Navigate to cart page\ncartPage.clickCheckoutButton(); // Click checkout button\ncy.url().should('include', '/checkout-step-one.html'); // Verify navigation to checkout step one",
              "err": {},
              "uuid": "c58058d9-48d9-4b1c-8a60-f7e1669f7c4d",
              "parentUUID": "bf7747f4-5df9-44e4-bc5b-c8c3de25d835",
              "isHook": false,
              "skipped": false
            },
            {
              "title": "Complete checkout process",
              "fullTitle": "Checkout Tests Complete checkout process",
              "timedOut": null,
              "duration": 2073,
              "state": "passed",
              "speed": "fast",
              "pass": true,
              "fail": false,
              "pending": false,
              "context": null,
              "code": "cy.fixture('test').then(userData => {\n  const user = userData[0];\n  inventoryPage.addCart('Sauce Labs Backpack'); // Add item to cart\n  inventoryPage.goCart(); // Navigate to cart page\n  cartPage.clickCheckoutButton(); // Click checkout button\n  checkoutPage.fillCheckout(user.name, user.email, user.cp); // Fill in checkout form with fixture data\n  checkoutPage.continueButtons(); // Continue to next step\n  cy.url().should('include', '/checkout-step-two.html'); // Verify navigation to review step\n  checkoutPage.finishButton(); // Complete the purchase\n  cy.url().should('include', '/checkout-complete.html'); // Verify navigation to completion page\n  checkoutPage.ordenSuccess(); // Verify order success message\n});",
              "err": {},
              "uuid": "bf79c712-a745-4413-8201-24c1c465c51e",
              "parentUUID": "bf7747f4-5df9-44e4-bc5b-c8c3de25d835",
              "isHook": false,
              "skipped": false
            }
          ],
          "suites": [],
          "passes": [
            "c58058d9-48d9-4b1c-8a60-f7e1669f7c4d",
            "bf79c712-a745-4413-8201-24c1c465c51e"
          ],
          "failures": [],
          "pending": [],
          "skipped": [],
          "duration": 4209,
          "root": false,
          "rootEmpty": false,
          "_timeout": 2000
        }
      ],
      "passes": [],
      "failures": [],
      "pending": [],
      "skipped": [],
      "duration": 0,
      "root": true,
      "rootEmpty": true,
      "_timeout": 2000
    }
  ],
  "meta": {
    "mocha": {
      "version": "7.2.0"
    },
    "mochawesome": {
      "options": {
        "quiet": false,
        "reportFilename": "mochawesome",
        "saveHtml": true,
        "saveJson": true,
        "consoleReporter": "spec",
        "useInlineDiffs": false,
        "code": true
      },
      "version": "7.1.3"
    },
    "marge": {
      "options": {
        "reportDir": "cypress/results",
        "overwrite": false,
        "html": true,
        "json": true
      },
      "version": "6.2.0"
    }
  }
}