{
  "stats": {
    "suites": 1,
    "tests": 2,
    "passes": 2,
    "pending": 0,
    "failures": 0,
    "start": "2025-05-26T09:48:52.853Z",
    "end": "2025-05-26T09:48:56.494Z",
    "duration": 3641,
    "testsRegistered": 2,
    "passPercent": 100,
    "pendingPercent": 0,
    "other": 0,
    "hasOther": false,
    "skipped": 0,
    "hasSkipped": false
  },
  "results": [
    {
      "uuid": "6156911f-0e44-41ee-a943-bd92b2932bb1",
      "title": "",
      "fullFile": "cypress\\e2e\\checkout.cy.js",
      "file": "cypress\\e2e\\checkout.cy.js",
      "beforeHooks": [],
      "afterHooks": [],
      "tests": [],
      "suites": [
        {
          "uuid": "00de3551-c770-42d9-bd87-5091450e221f",
          "title": "Checkout Tests",
          "fullFile": "",
          "file": "",
          "beforeHooks": [],
          "afterHooks": [],
          "tests": [
            {
              "title": "Checkout with items in cart",
              "fullTitle": "Checkout Tests Checkout with items in cart",
              "timedOut": null,
              "duration": 1429,
              "state": "passed",
              "speed": "fast",
              "pass": true,
              "fail": false,
              "pending": false,
              "context": null,
              "code": "inventoryPage.addCart('Sauce Labs Backpack'); // Add first item to cart\ninventoryPage.addCart('Sauce Labs Bike Light'); // Add second item to cart\ninventoryPage.goCart(); // Navigate to cart page\ncartPage.clickCheckoutButton(); // Click checkout button\ncy.url().should('include', '/checkout-step-one.html'); // Verify navigation to checkout step one",
              "err": {},
              "uuid": "27740827-55dd-4bad-a9cf-6b66e11b29dd",
              "parentUUID": "00de3551-c770-42d9-bd87-5091450e221f",
              "isHook": false,
              "skipped": false
            },
            {
              "title": "Complete checkout process",
              "fullTitle": "Checkout Tests Complete checkout process",
              "timedOut": null,
              "duration": 2073,
              "state": "passed",
              "speed": "fast",
              "pass": true,
              "fail": false,
              "pending": false,
              "context": null,
              "code": "cy.fixture('test').then(userData => {\n  const user = userData[0];\n  inventoryPage.addCart('Sauce Labs Backpack'); // Add item to cart\n  inventoryPage.goCart(); // Navigate to cart page\n  cartPage.clickCheckoutButton(); // Click checkout button\n  checkoutPage.fillCheckout(user.name, user.email, user.cp); // Fill in checkout form with fixture data\n  checkoutPage.continueButtons(); // Continue to next step\n  cy.url().should('include', '/checkout-step-two.html'); // Verify navigation to review step\n  checkoutPage.finishButton(); // Complete the purchase\n  cy.url().should('include', '/checkout-complete.html'); // Verify navigation to completion page\n  checkoutPage.ordenSuccess(); // Verify order success message\n});",
              "err": {},
              "uuid": "242dc4ed-34b1-41e8-ac49-3100e89ce7b5",
              "parentUUID": "00de3551-c770-42d9-bd87-5091450e221f",
              "isHook": false,
              "skipped": false
            }
          ],
          "suites": [],
          "passes": [
            "27740827-55dd-4bad-a9cf-6b66e11b29dd",
            "242dc4ed-34b1-41e8-ac49-3100e89ce7b5"
          ],
          "failures": [],
          "pending": [],
          "skipped": [],
          "duration": 3502,
          "root": false,
          "rootEmpty": false,
          "_timeout": 2000
        }
      ],
      "passes": [],
      "failures": [],
      "pending": [],
      "skipped": [],
      "duration": 0,
      "root": true,
      "rootEmpty": true,
      "_timeout": 2000
    }
  ],
  "meta": {
    "mocha": {
      "version": "7.2.0"
    },
    "mochawesome": {
      "options": {
        "quiet": false,
        "reportFilename": "mochawesome",
        "saveHtml": true,
        "saveJson": true,
        "consoleReporter": "spec",
        "useInlineDiffs": false,
        "code": true
      },
      "version": "7.1.3"
    },
    "marge": {
      "options": {
        "reportDir": "cypress/results",
        "overwrite": false,
        "html": true,
        "json": true
      },
      "version": "6.2.0"
    }
  }
}