{
  "stats": {
    "suites": 1,
    "tests": 2,
    "passes": 2,
    "pending": 0,
    "failures": 0,
    "start": "2025-05-26T17:34:02.343Z",
    "end": "2025-05-26T17:34:04.646Z",
    "duration": 2303,
    "testsRegistered": 2,
    "passPercent": 100,
    "pendingPercent": 0,
    "other": 0,
    "hasOther": false,
    "skipped": 0,
    "hasSkipped": false
  },
  "results": [
    {
      "uuid": "dfe5b79a-682d-45cf-84f9-1b76bdac3815",
      "title": "",
      "fullFile": "cypress\\e2e\\product\\cart.cy.js",
      "file": "cypress\\e2e\\product\\cart.cy.js",
      "beforeHooks": [],
      "afterHooks": [],
      "tests": [],
      "suites": [
        {
          "uuid": "4563956d-5857-41b7-9d6d-2c83dfbef03c",
          "title": "Cart Tests",
          "fullFile": "",
          "file": "",
          "beforeHooks": [],
          "afterHooks": [],
          "tests": [
            {
              "title": "Add item to cart",
              "fullTitle": "Cart Tests Add item to cart",
              "timedOut": null,
              "duration": 1131,
              "state": "passed",
              "speed": "fast",
              "pass": true,
              "fail": false,
              "pending": false,
              "context": null,
              "code": "inventoryPage.addCart('Sauce Labs Backpack'); // Add item to cart\ninventoryPage.goCart(); // Navigate to cart\ncartPage.existItemsInCart('Sauce Labs Backpack'); // Verify item exists in cart",
              "err": {},
              "uuid": "4cb9b6c3-3d81-4927-aa31-137baa41861a",
              "parentUUID": "4563956d-5857-41b7-9d6d-2c83dfbef03c",
              "isHook": false,
              "skipped": false
            },
            {
              "title": "Should remove a product from cart",
              "fullTitle": "Cart Tests Should remove a product from cart",
              "timedOut": null,
              "duration": 1110,
              "state": "passed",
              "speed": "fast",
              "pass": true,
              "fail": false,
              "pending": false,
              "context": null,
              "code": "inventoryPage.addCart('Sauce Labs Bike Light'); // Add item to cart\ninventoryPage.goCart(); // Navigate to cart\ncartPage.existItemsInCart('Sauce Labs Bike Light'); // Verify item exists in cart\ninventoryPage.removeCart('Sauce Labs Bike Light'); // Remove item from cart\ncy.contains('Sauce Labs Bike Light').should('not.exist'); // Verify item is removed",
              "err": {},
              "uuid": "ebce241c-1d42-4f15-97a4-dae585da371e",
              "parentUUID": "4563956d-5857-41b7-9d6d-2c83dfbef03c",
              "isHook": false,
              "skipped": false
            }
          ],
          "suites": [],
          "passes": [
            "4cb9b6c3-3d81-4927-aa31-137baa41861a",
            "ebce241c-1d42-4f15-97a4-dae585da371e"
          ],
          "failures": [],
          "pending": [],
          "skipped": [],
          "duration": 2241,
          "root": false,
          "rootEmpty": false,
          "_timeout": 2000
        }
      ],
      "passes": [],
      "failures": [],
      "pending": [],
      "skipped": [],
      "duration": 0,
      "root": true,
      "rootEmpty": true,
      "_timeout": 2000
    }
  ],
  "meta": {
    "mocha": {
      "version": "7.2.0"
    },
    "mochawesome": {
      "options": {
        "quiet": false,
        "reportFilename": "mochawesome",
        "saveHtml": true,
        "saveJson": true,
        "consoleReporter": "spec",
        "useInlineDiffs": false,
        "code": true
      },
      "version": "7.1.3"
    },
    "marge": {
      "options": {
        "reportDir": "cypress/results",
        "overwrite": false,
        "html": true,
        "json": true
      },
      "version": "6.2.0"
    }
  }
}