{
  "stats": {
    "suites": 1,
    "tests": 3,
    "passes": 3,
    "pending": 0,
    "failures": 0,
    "start": "2025-05-26T17:34:06.911Z",
    "end": "2025-05-26T17:34:10.029Z",
    "duration": 3118,
    "testsRegistered": 3,
    "passPercent": 100,
    "pendingPercent": 0,
    "other": 0,
    "hasOther": false,
    "skipped": 0,
    "hasSkipped": false
  },
  "results": [
    {
      "uuid": "93d37688-d8aa-4885-a6ea-d49f52a9195e",
      "title": "",
      "fullFile": "cypress\\e2e\\product\\navigation.cy.js",
      "file": "cypress\\e2e\\product\\navigation.cy.js",
      "beforeHooks": [],
      "afterHooks": [],
      "tests": [],
      "suites": [
        {
          "uuid": "4862a6aa-5e5c-474a-8a46-0fe9246b53d7",
          "title": "Navigation test",
          "fullFile": "",
          "file": "",
          "beforeHooks": [],
          "afterHooks": [],
          "tests": [
            {
              "title": "Navigation through the product catalog",
              "fullTitle": "Navigation test Navigation through the product catalog",
              "timedOut": null,
              "duration": 1065,
              "state": "passed",
              "speed": "fast",
              "pass": true,
              "fail": false,
              "pending": false,
              "context": null,
              "code": "inventoryPage.productCount(6); // Verify that 6 products are displayed",
              "err": {},
              "uuid": "b6c7b5f6-6a00-4aa0-ac8e-5bd3c6bcfd01",
              "parentUUID": "4862a6aa-5e5c-474a-8a46-0fe9246b53d7",
              "isHook": false,
              "skipped": false
            },
            {
              "title": "Sort Product by low to high",
              "fullTitle": "Navigation test Sort Product by low to high",
              "timedOut": null,
              "duration": 1062,
              "state": "passed",
              "speed": "fast",
              "pass": true,
              "fail": false,
              "pending": false,
              "context": null,
              "code": "inventoryPage.sortProduct('lohi'); // Sort products by price (low to high)\ncy.get('.inventory_item_price').first().should('contain', '$7.99'); // Verify the first product's price is $7.99",
              "err": {},
              "uuid": "21bfa5ff-f772-41b0-81a7-64a65fcfaaa6",
              "parentUUID": "4862a6aa-5e5c-474a-8a46-0fe9246b53d7",
              "isHook": false,
              "skipped": false
            },
            {
              "title": "Open product details",
              "fullTitle": "Navigation test Open product details",
              "timedOut": null,
              "duration": 905,
              "state": "passed",
              "speed": "fast",
              "pass": true,
              "fail": false,
              "pending": false,
              "context": null,
              "code": "inventoryPage.detailProduct('Sauce Labs Backpack'); // Open details for \"Sauce Labs Backpack\"\ncy.url().should('include', '/inventory-item.html?id=4'); // Verify the URL includes the product details page",
              "err": {},
              "uuid": "1028854b-9170-4375-bcde-a01a196d6556",
              "parentUUID": "4862a6aa-5e5c-474a-8a46-0fe9246b53d7",
              "isHook": false,
              "skipped": false
            }
          ],
          "suites": [],
          "passes": [
            "b6c7b5f6-6a00-4aa0-ac8e-5bd3c6bcfd01",
            "21bfa5ff-f772-41b0-81a7-64a65fcfaaa6",
            "1028854b-9170-4375-bcde-a01a196d6556"
          ],
          "failures": [],
          "pending": [],
          "skipped": [],
          "duration": 3032,
          "root": false,
          "rootEmpty": false,
          "_timeout": 2000
        }
      ],
      "passes": [],
      "failures": [],
      "pending": [],
      "skipped": [],
      "duration": 0,
      "root": true,
      "rootEmpty": true,
      "_timeout": 2000
    }
  ],
  "meta": {
    "mocha": {
      "version": "7.2.0"
    },
    "mochawesome": {
      "options": {
        "quiet": false,
        "reportFilename": "mochawesome",
        "saveHtml": true,
        "saveJson": true,
        "consoleReporter": "spec",
        "useInlineDiffs": false,
        "code": true
      },
      "version": "7.1.3"
    },
    "marge": {
      "options": {
        "reportDir": "cypress/results",
        "overwrite": false,
        "html": true,
        "json": true
      },
      "version": "6.2.0"
    }
  }
}