{
  "stats": {
    "suites": 1,
    "tests": 2,
    "passes": 2,
    "pending": 0,
    "failures": 0,
    "start": "2025-05-26T17:42:38.095Z",
    "end": "2025-05-26T17:42:41.074Z",
    "duration": 2979,
    "testsRegistered": 2,
    "passPercent": 100,
    "pendingPercent": 0,
    "other": 0,
    "hasOther": false,
    "skipped": 0,
    "hasSkipped": false
  },
  "results": [
    {
      "uuid": "c28e3a9f-0d70-4d26-81ca-408e4c880791",
      "title": "",
      "fullFile": "cypress\\e2e\\product\\cart.cy.js",
      "file": "cypress\\e2e\\product\\cart.cy.js",
      "beforeHooks": [],
      "afterHooks": [],
      "tests": [],
      "suites": [
        {
          "uuid": "fb276cc7-1546-45bb-a490-556108236cbb",
          "title": "Cart Tests",
          "fullFile": "",
          "file": "",
          "beforeHooks": [],
          "afterHooks": [],
          "tests": [
            {
              "title": "Add item to cart",
              "fullTitle": "Cart Tests Add item to cart",
              "timedOut": null,
              "duration": 1723,
              "state": "passed",
              "speed": "fast",
              "pass": true,
              "fail": false,
              "pending": false,
              "context": null,
              "code": "inventoryPage.addCart('Sauce Labs Backpack'); // Add item to cart\ninventoryPage.goCart(); // Navigate to cart\ncartPage.existItemsInCart('Sauce Labs Backpack'); // Verify item exists in cart",
              "err": {},
              "uuid": "9e6d7050-11ef-4a03-bfa6-e4a042731654",
              "parentUUID": "fb276cc7-1546-45bb-a490-556108236cbb",
              "isHook": false,
              "skipped": false
            },
            {
              "title": "Should remove a product from cart",
              "fullTitle": "Cart Tests Should remove a product from cart",
              "timedOut": null,
              "duration": 1092,
              "state": "passed",
              "speed": "fast",
              "pass": true,
              "fail": false,
              "pending": false,
              "context": null,
              "code": "inventoryPage.addCart('Sauce Labs Bike Light'); // Add item to cart\ninventoryPage.goCart(); // Navigate to cart\ncartPage.existItemsInCart('Sauce Labs Bike Light'); // Verify item exists in cart\ninventoryPage.removeCart('Sauce Labs Bike Light'); // Remove item from cart\ncy.contains('Sauce Labs Bike Light').should('not.exist'); // Verify item is removed",
              "err": {},
              "uuid": "24084965-2cad-465a-9cae-1a9d36e90a78",
              "parentUUID": "fb276cc7-1546-45bb-a490-556108236cbb",
              "isHook": false,
              "skipped": false
            }
          ],
          "suites": [],
          "passes": [
            "9e6d7050-11ef-4a03-bfa6-e4a042731654",
            "24084965-2cad-465a-9cae-1a9d36e90a78"
          ],
          "failures": [],
          "pending": [],
          "skipped": [],
          "duration": 2815,
          "root": false,
          "rootEmpty": false,
          "_timeout": 2000
        }
      ],
      "passes": [],
      "failures": [],
      "pending": [],
      "skipped": [],
      "duration": 0,
      "root": true,
      "rootEmpty": true,
      "_timeout": 2000
    }
  ],
  "meta": {
    "mocha": {
      "version": "7.2.0"
    },
    "mochawesome": {
      "options": {
        "quiet": false,
        "reportFilename": "mochawesome",
        "saveHtml": true,
        "saveJson": true,
        "consoleReporter": "spec",
        "useInlineDiffs": false,
        "code": true
      },
      "version": "7.1.3"
    },
    "marge": {
      "options": {
        "reportDir": "cypress/results",
        "overwrite": false,
        "html": true,
        "json": true
      },
      "version": "6.2.0"
    }
  }
}