{
  "stats": {
    "suites": 1,
    "tests": 3,
    "passes": 3,
    "pending": 0,
    "failures": 0,
    "start": "2025-05-26T17:42:43.407Z",
    "end": "2025-05-26T17:42:46.613Z",
    "duration": 3206,
    "testsRegistered": 3,
    "passPercent": 100,
    "pendingPercent": 0,
    "other": 0,
    "hasOther": false,
    "skipped": 0,
    "hasSkipped": false
  },
  "results": [
    {
      "uuid": "54467fb2-635c-4212-8924-5b56ca271e3c",
      "title": "",
      "fullFile": "cypress\\e2e\\product\\navigation.cy.js",
      "file": "cypress\\e2e\\product\\navigation.cy.js",
      "beforeHooks": [],
      "afterHooks": [],
      "tests": [],
      "suites": [
        {
          "uuid": "ac236418-2c42-4075-949d-cfcad408433d",
          "title": "Navigation test",
          "fullFile": "",
          "file": "",
          "beforeHooks": [],
          "afterHooks": [],
          "tests": [
            {
              "title": "Navigation through the product catalog",
              "fullTitle": "Navigation test Navigation through the product catalog",
              "timedOut": null,
              "duration": 1048,
              "state": "passed",
              "speed": "fast",
              "pass": true,
              "fail": false,
              "pending": false,
              "context": null,
              "code": "inventoryPage.productCount(6); // Verify that 6 products are displayed",
              "err": {},
              "uuid": "ce46bf49-cad1-40a1-a4c4-ee2e2710f100",
              "parentUUID": "ac236418-2c42-4075-949d-cfcad408433d",
              "isHook": false,
              "skipped": false
            },
            {
              "title": "Sort Product by low to high",
              "fullTitle": "Navigation test Sort Product by low to high",
              "timedOut": null,
              "duration": 1040,
              "state": "passed",
              "speed": "fast",
              "pass": true,
              "fail": false,
              "pending": false,
              "context": null,
              "code": "inventoryPage.sortProduct('lohi'); // Sort products by price (low to high)\ncy.get('.inventory_item_price').first().should('contain', '$7.99'); // Verify the first product's price is $7.99",
              "err": {},
              "uuid": "a44bbdc9-2307-4fd5-8599-be2882ab34e4",
              "parentUUID": "ac236418-2c42-4075-949d-cfcad408433d",
              "isHook": false,
              "skipped": false
            },
            {
              "title": "Open product details",
              "fullTitle": "Navigation test Open product details",
              "timedOut": null,
              "duration": 910,
              "state": "passed",
              "speed": "fast",
              "pass": true,
              "fail": false,
              "pending": false,
              "context": null,
              "code": "inventoryPage.detailProduct('Sauce Labs Backpack'); // Open details for \"Sauce Labs Backpack\"\ncy.url().should('include', '/inventory-item.html?id=4'); // Verify the URL includes the product details page",
              "err": {},
              "uuid": "a207dd3b-099f-4faf-86d2-42b6ac5be63d",
              "parentUUID": "ac236418-2c42-4075-949d-cfcad408433d",
              "isHook": false,
              "skipped": false
            }
          ],
          "suites": [],
          "passes": [
            "ce46bf49-cad1-40a1-a4c4-ee2e2710f100",
            "a44bbdc9-2307-4fd5-8599-be2882ab34e4",
            "a207dd3b-099f-4faf-86d2-42b6ac5be63d"
          ],
          "failures": [],
          "pending": [],
          "skipped": [],
          "duration": 2998,
          "root": false,
          "rootEmpty": false,
          "_timeout": 2000
        }
      ],
      "passes": [],
      "failures": [],
      "pending": [],
      "skipped": [],
      "duration": 0,
      "root": true,
      "rootEmpty": true,
      "_timeout": 2000
    }
  ],
  "meta": {
    "mocha": {
      "version": "7.2.0"
    },
    "mochawesome": {
      "options": {
        "quiet": false,
        "reportFilename": "mochawesome",
        "saveHtml": true,
        "saveJson": true,
        "consoleReporter": "spec",
        "useInlineDiffs": false,
        "code": true
      },
      "version": "7.1.3"
    },
    "marge": {
      "options": {
        "reportDir": "cypress/results",
        "overwrite": false,
        "html": true,
        "json": true
      },
      "version": "6.2.0"
    }
  }
}