{
  "stats": {
    "suites": 1,
    "tests": 3,
    "passes": 3,
    "pending": 0,
    "failures": 0,
    "start": "2025-05-26T09:49:31.883Z",
    "end": "2025-05-26T09:49:35.210Z",
    "duration": 3327,
    "testsRegistered": 3,
    "passPercent": 100,
    "pendingPercent": 0,
    "other": 0,
    "hasOther": false,
    "skipped": 0,
    "hasSkipped": false
  },
  "results": [
    {
      "uuid": "a2943d80-5e7c-4095-8234-adb795ec84d3",
      "title": "",
      "fullFile": "cypress\\e2e\\navigation.cy.js",
      "file": "cypress\\e2e\\navigation.cy.js",
      "beforeHooks": [],
      "afterHooks": [],
      "tests": [],
      "suites": [
        {
          "uuid": "8cff8d7c-dbe8-468a-a6f4-e428808e0595",
          "title": "Navigation test",
          "fullFile": "",
          "file": "",
          "beforeHooks": [],
          "afterHooks": [],
          "tests": [
            {
              "title": "Navigation through the product catalog",
              "fullTitle": "Navigation test Navigation through the product catalog",
              "timedOut": null,
              "duration": 1171,
              "state": "passed",
              "speed": "fast",
              "pass": true,
              "fail": false,
              "pending": false,
              "context": null,
              "code": "inventoryPage.productCount(6); // Verify that 6 products are displayed",
              "err": {},
              "uuid": "7ecad4bd-8cf7-49ae-b065-e08f254c992a",
              "parentUUID": "8cff8d7c-dbe8-468a-a6f4-e428808e0595",
              "isHook": false,
              "skipped": false
            },
            {
              "title": "Sort Product by low to high",
              "fullTitle": "Navigation test Sort Product by low to high",
              "timedOut": null,
              "duration": 1079,
              "state": "passed",
              "speed": "fast",
              "pass": true,
              "fail": false,
              "pending": false,
              "context": null,
              "code": "inventoryPage.sortProduct('lohi'); // Sort products by price (low to high)\ncy.get('.inventory_item_price').first().should('contain', '$7.99'); // Verify the first product's price is $7.99",
              "err": {},
              "uuid": "b4b38965-d5b9-419f-9ae0-96dd80302960",
              "parentUUID": "8cff8d7c-dbe8-468a-a6f4-e428808e0595",
              "isHook": false,
              "skipped": false
            },
            {
              "title": "Open product details",
              "fullTitle": "Navigation test Open product details",
              "timedOut": null,
              "duration": 916,
              "state": "passed",
              "speed": "fast",
              "pass": true,
              "fail": false,
              "pending": false,
              "context": null,
              "code": "inventoryPage.detailProduct('Sauce Labs Backpack'); // Open details for \"Sauce Labs Backpack\"\ncy.url().should('include', '/inventory-item.html?id=4'); // Verify the URL includes the product details page",
              "err": {},
              "uuid": "36c37a76-d6f7-4586-bc36-a799a9b2ad82",
              "parentUUID": "8cff8d7c-dbe8-468a-a6f4-e428808e0595",
              "isHook": false,
              "skipped": false
            }
          ],
          "suites": [],
          "passes": [
            "7ecad4bd-8cf7-49ae-b065-e08f254c992a",
            "b4b38965-d5b9-419f-9ae0-96dd80302960",
            "36c37a76-d6f7-4586-bc36-a799a9b2ad82"
          ],
          "failures": [],
          "pending": [],
          "skipped": [],
          "duration": 3166,
          "root": false,
          "rootEmpty": false,
          "_timeout": 2000
        }
      ],
      "passes": [],
      "failures": [],
      "pending": [],
      "skipped": [],
      "duration": 0,
      "root": true,
      "rootEmpty": true,
      "_timeout": 2000
    }
  ],
  "meta": {
    "mocha": {
      "version": "7.2.0"
    },
    "mochawesome": {
      "options": {
        "quiet": false,
        "reportFilename": "mochawesome",
        "saveHtml": true,
        "saveJson": true,
        "consoleReporter": "spec",
        "useInlineDiffs": false,
        "code": true
      },
      "version": "7.1.3"
    },
    "marge": {
      "options": {
        "reportDir": "cypress/results",
        "overwrite": false,
        "html": true,
        "json": true
      },
      "version": "6.2.0"
    }
  }
}