{
  "stats": {
    "suites": 1,
    "tests": 7,
    "passes": 7,
    "pending": 0,
    "failures": 0,
    "start": "2025-05-26T10:01:39.267Z",
    "end": "2025-05-26T10:01:51.047Z",
    "duration": 11780,
    "testsRegistered": 7,
    "passPercent": 100,
    "pendingPercent": 0,
    "other": 0,
    "hasOther": false,
    "skipped": 0,
    "hasSkipped": false
  },
  "results": [
    {
      "uuid": "c0ca584d-a8c6-4add-b8ac-625489184173",
      "title": "",
      "fullFile": "cypress\\e2e\\login.cy.js",
      "file": "cypress\\e2e\\login.cy.js",
      "beforeHooks": [],
      "afterHooks": [],
      "tests": [],
      "suites": [
        {
          "uuid": "d4bf388b-da50-43da-ba0c-1d4952bebc19",
          "title": "Login Tests",
          "fullFile": "",
          "file": "",
          "beforeHooks": [],
          "afterHooks": [],
          "tests": [
            {
              "title": "Login page successfully",
              "fullTitle": "Login Tests Login page successfully",
              "timedOut": null,
              "duration": 1154,
              "state": "passed",
              "speed": "fast",
              "pass": true,
              "fail": false,
              "pending": false,
              "context": null,
              "code": "cy.title().should('eq', 'Swag Labs'); // Check page title\nloginPage.submitLogin(Cypress.env('username'), Cypress.env('password')); // Perform login\ncy.url().should('include', '/inventory.html'); // Verify successful navigation",
              "err": {},
              "uuid": "af637ffe-5795-4db0-b70b-be92c5ec0326",
              "parentUUID": "d4bf388b-da50-43da-ba0c-1d4952bebc19",
              "isHook": false,
              "skipped": false
            },
            {
              "title": "Login with invalid credentials",
              "fullTitle": "Login Tests Login with invalid credentials",
              "timedOut": null,
              "duration": 936,
              "state": "passed",
              "speed": "fast",
              "pass": true,
              "fail": false,
              "pending": false,
              "context": null,
              "code": "cy.title().should('eq', 'Swag Labs'); // Check page title\nloginPage.submitLogin(Cypress.env('username'), Cypress.env('wrongPassword')); // Attempt login with wrong password\nloginPage.errorMessage('Epic sadface: Username and password do not match any user in this service'); // Check error message",
              "err": {},
              "uuid": "d2aecf0d-f515-41f7-9cc7-1cb01910d853",
              "parentUUID": "d4bf388b-da50-43da-ba0c-1d4952bebc19",
              "isHook": false,
              "skipped": false
            },
            {
              "title": "Login with locked out user",
              "fullTitle": "Login Tests Login with locked out user",
              "timedOut": null,
              "duration": 819,
              "state": "passed",
              "speed": "fast",
              "pass": true,
              "fail": false,
              "pending": false,
              "context": null,
              "code": "cy.title().should('eq', 'Swag Labs'); // Check page title\nloginPage.submitLogin(Cypress.env('lockedUsername'), Cypress.env('password')); // Attempt login with locked user\nloginPage.errorMessage('Epic sadface: Sorry, this user has been locked out.'); // Check error message",
              "err": {},
              "uuid": "01a3df31-8420-47c2-8a57-0f821116f5a2",
              "parentUUID": "d4bf388b-da50-43da-ba0c-1d4952bebc19",
              "isHook": false,
              "skipped": false
            },
            {
              "title": "Login with problem user",
              "fullTitle": "Login Tests Login with problem user",
              "timedOut": null,
              "duration": 938,
              "state": "passed",
              "speed": "fast",
              "pass": true,
              "fail": false,
              "pending": false,
              "context": null,
              "code": "cy.title().should('eq', 'Swag Labs'); // Check page title\nloginPage.submitLogin(Cypress.env('problemUsername'), Cypress.env('password')); // Login as problem user\ncy.url().should('include', '/inventory.html'); // Verify navigation\n// Check that the image is not the expected one\ncy.get('#item_4_img_link').should('not.be.a.equal', '/static/media/sauce-backpack-1200x1500.0a0b85a3.jpg');\n// Add and remove item from cart\ncy.get('#add-to-cart-sauce-labs-backpack').click();\ncy.get('#remove-sauce-labs-backpack').dblclick();\ncy.get('#remove-sauce-labs-backpack').should('be.contain', 'Remove');",
              "err": {},
              "uuid": "8931a57e-0813-44e9-a127-af07aa6bc687",
              "parentUUID": "d4bf388b-da50-43da-ba0c-1d4952bebc19",
              "isHook": false,
              "skipped": false
            },
            {
              "title": "Login with performance user",
              "fullTitle": "Login Tests Login with performance user",
              "timedOut": null,
              "duration": 5951,
              "state": "passed",
              "speed": "medium",
              "pass": true,
              "fail": false,
              "pending": false,
              "context": null,
              "code": "const startTime = performance.now();\nconst loadTime = performance.now() - startTime;\ncy.log(`Time to load: ${loadTime.toFixed(0)} ms`); // Log load time\ncy.title().should('eq', 'Swag Labs'); // Check page title\nloginPage.submitLogin(Cypress.env('performanceUsername'), Cypress.env('password')); // Login as performance user\n// Log navigation performance metrics\ncy.window().then(win => {\n  const [entry] = win.performance.getEntriesByType('navigation');\n  console.table({\n    'Full Load': `${entry.loadEventEnd} ms`\n  });\n});\ncy.url().should('include', '/inventory.html'); // Verify navigation",
              "err": {},
              "uuid": "8a833ea4-6af0-4e69-9a30-6b06962cf031",
              "parentUUID": "d4bf388b-da50-43da-ba0c-1d4952bebc19",
              "isHook": false,
              "skipped": false
            },
            {
              "title": "Login with error user",
              "fullTitle": "Login Tests Login with error user",
              "timedOut": null,
              "duration": 920,
              "state": "passed",
              "speed": "fast",
              "pass": true,
              "fail": false,
              "pending": false,
              "context": null,
              "code": "// Handle expected uncaught exception\ncy.on('uncaught:exception', err => {\n  if (err.message.includes('Failed to remove item from cart')) {\n    console.log('Expected Error:', err.message);\n    return false; // Prevent Cypress from failing the test\n  }\n  return true; // Allow other errors to fail the test\n});\ncy.title().should('eq', 'Swag Labs'); // Check page title\nloginPage.submitLogin(Cypress.env('errorUsername'), Cypress.env('password')); // Login as error user\ncy.url().should('include', '/inventory.html'); // Verify navigation\n// Add and remove item from cart, check for correct button state\ncy.get('#item_4_img_link').should('not.be.a.equal', '/static/media/sauce-backpack-1200x1500.0a0b85a3.jpg');\ncy.get('#add-to-cart-sauce-labs-backpack').click();\ncy.get('#remove-sauce-labs-backpack').click();\ncy.get('#remove-sauce-labs-backpack').should('be.contain', 'Remove');",
              "err": {},
              "uuid": "589cb200-0bab-4b77-a0fc-a9b2e15a188e",
              "parentUUID": "d4bf388b-da50-43da-ba0c-1d4952bebc19",
              "isHook": false,
              "skipped": false
            },
            {
              "title": "Login with visual user",
              "fullTitle": "Login Tests Login with visual user",
              "timedOut": null,
              "duration": 789,
              "state": "passed",
              "speed": "fast",
              "pass": true,
              "fail": false,
              "pending": false,
              "context": null,
              "code": "cy.title().should('eq', 'Swag Labs'); // Check page title\nloginPage.submitLogin(Cypress.env('visualUsername'), Cypress.env('password')); // Login as visual user\ncy.url().should('include', '/inventory.html'); // Verify navigation\n// Check that the image is not the expected or error image\ncy.get('#item_4_img_link').should('not.be.a.equal', '/static/media/sauce-backpack-1200x1500.0a0b85a3.jpg');\ncy.get('#item_4_img_link').should('not.be.a.equal', '/static/media/sl-404.168b1cce.jpg');",
              "err": {},
              "uuid": "a4b49bed-cded-49f4-816c-1f8399740ab7",
              "parentUUID": "d4bf388b-da50-43da-ba0c-1d4952bebc19",
              "isHook": false,
              "skipped": false
            }
          ],
          "suites": [],
          "passes": [
            "af637ffe-5795-4db0-b70b-be92c5ec0326",
            "d2aecf0d-f515-41f7-9cc7-1cb01910d853",
            "01a3df31-8420-47c2-8a57-0f821116f5a2",
            "8931a57e-0813-44e9-a127-af07aa6bc687",
            "8a833ea4-6af0-4e69-9a30-6b06962cf031",
            "589cb200-0bab-4b77-a0fc-a9b2e15a188e",
            "a4b49bed-cded-49f4-816c-1f8399740ab7"
          ],
          "failures": [],
          "pending": [],
          "skipped": [],
          "duration": 11507,
          "root": false,
          "rootEmpty": false,
          "_timeout": 2000
        }
      ],
      "passes": [],
      "failures": [],
      "pending": [],
      "skipped": [],
      "duration": 0,
      "root": true,
      "rootEmpty": true,
      "_timeout": 2000
    }
  ],
  "meta": {
    "mocha": {
      "version": "7.2.0"
    },
    "mochawesome": {
      "options": {
        "quiet": false,
        "reportFilename": "mochawesome",
        "saveHtml": true,
        "saveJson": true,
        "consoleReporter": "spec",
        "useInlineDiffs": false,
        "code": true
      },
      "version": "7.1.3"
    },
    "marge": {
      "options": {
        "reportDir": "cypress/results",
        "overwrite": false,
        "html": true,
        "json": true
      },
      "version": "6.2.0"
    }
  }
}