{
  "stats": {
    "suites": 1,
    "tests": 2,
    "passes": 2,
    "pending": 0,
    "failures": 0,
    "start": "2025-05-26T09:48:45.149Z",
    "end": "2025-05-26T09:48:48.469Z",
    "duration": 3320,
    "testsRegistered": 2,
    "passPercent": 100,
    "pendingPercent": 0,
    "other": 0,
    "hasOther": false,
    "skipped": 0,
    "hasSkipped": false
  },
  "results": [
    {
      "uuid": "2320a423-ef5d-4de9-9f7d-36c499b76cb4",
      "title": "",
      "fullFile": "cypress\\e2e\\cart.cy.js",
      "file": "cypress\\e2e\\cart.cy.js",
      "beforeHooks": [],
      "afterHooks": [],
      "tests": [],
      "suites": [
        {
          "uuid": "00aa8f47-8484-4220-9f5a-fd62cfb10cda",
          "title": "Cart Tests",
          "fullFile": "",
          "file": "",
          "beforeHooks": [],
          "afterHooks": [],
          "tests": [
            {
              "title": "Add item to cart",
              "fullTitle": "Cart Tests Add item to cart",
              "timedOut": null,
              "duration": 2065,
              "state": "passed",
              "speed": "fast",
              "pass": true,
              "fail": false,
              "pending": false,
              "context": null,
              "code": "inventoryPage.addCart('Sauce Labs Backpack'); // Add item to cart\ninventoryPage.goCart(); // Navigate to cart\ncartPage.existItemsInCart('Sauce Labs Backpack'); // Verify item exists in cart",
              "err": {},
              "uuid": "45f0b30a-2ef4-4793-9ee6-452595840838",
              "parentUUID": "00aa8f47-8484-4220-9f5a-fd62cfb10cda",
              "isHook": false,
              "skipped": false
            },
            {
              "title": "Should remove a product from cart",
              "fullTitle": "Cart Tests Should remove a product from cart",
              "timedOut": null,
              "duration": 1142,
              "state": "passed",
              "speed": "fast",
              "pass": true,
              "fail": false,
              "pending": false,
              "context": null,
              "code": "inventoryPage.addCart('Sauce Labs Bike Light'); // Add item to cart\ninventoryPage.goCart(); // Navigate to cart\ncartPage.existItemsInCart('Sauce Labs Bike Light'); // Verify item exists in cart\ninventoryPage.removeCart('Sauce Labs Bike Light'); // Remove item from cart\ncy.contains('Sauce Labs Bike Light').should('not.exist'); // Verify item is removed",
              "err": {},
              "uuid": "9778551e-beb3-4480-81c6-11901f33e9d1",
              "parentUUID": "00aa8f47-8484-4220-9f5a-fd62cfb10cda",
              "isHook": false,
              "skipped": false
            }
          ],
          "suites": [],
          "passes": [
            "45f0b30a-2ef4-4793-9ee6-452595840838",
            "9778551e-beb3-4480-81c6-11901f33e9d1"
          ],
          "failures": [],
          "pending": [],
          "skipped": [],
          "duration": 3207,
          "root": false,
          "rootEmpty": false,
          "_timeout": 2000
        }
      ],
      "passes": [],
      "failures": [],
      "pending": [],
      "skipped": [],
      "duration": 0,
      "root": true,
      "rootEmpty": true,
      "_timeout": 2000
    }
  ],
  "meta": {
    "mocha": {
      "version": "7.2.0"
    },
    "mochawesome": {
      "options": {
        "quiet": false,
        "reportFilename": "mochawesome",
        "saveHtml": true,
        "saveJson": true,
        "consoleReporter": "spec",
        "useInlineDiffs": false,
        "code": true
      },
      "version": "7.1.3"
    },
    "marge": {
      "options": {
        "reportDir": "cypress/results",
        "overwrite": false,
        "html": true,
        "json": true
      },
      "version": "6.2.0"
    }
  }
}