{
  "stats": {
    "suites": 1,
    "tests": 1,
    "passes": 1,
    "pending": 0,
    "failures": 0,
    "start": "2025-05-26T17:33:52.728Z",
    "end": "2025-05-26T17:33:53.330Z",
    "duration": 602,
    "testsRegistered": 1,
    "passPercent": 100,
    "pendingPercent": 0,
    "other": 0,
    "hasOther": false,
    "skipped": 0,
    "hasSkipped": false
  },
  "results": [
    {
      "uuid": "ecd7e4e0-c801-4443-ae03-7a329b8ed4a5",
      "title": "",
      "fullFile": "cypress\\e2e\\api_checkout\\api.cy.js",
      "file": "cypress\\e2e\\api_checkout\\api.cy.js",
      "beforeHooks": [],
      "afterHooks": [],
      "tests": [],
      "suites": [
        {
          "uuid": "aef8e505-7687-4013-95af-40cea3a480bc",
          "title": "PetStore API User Test",
          "fullFile": "",
          "file": "",
          "beforeHooks": [],
          "afterHooks": [],
          "tests": [
            {
              "title": "Created a user with PetStore API",
              "fullTitle": "PetStore API User Test Created a user with PetStore API",
              "timedOut": null,
              "duration": 578,
              "state": "passed",
              "speed": "fast",
              "pass": true,
              "fail": false,
              "pending": false,
              "context": null,
              "code": "cy.request({\n  method: 'POST',\n  url: 'https://petstore.swagger.io/v2/user',\n  body: userData,\n  headers: {\n    'Content-Type': 'application/json'\n  }\n}).then(postResponse => {\n  expect(postResponse.status).to.eq(200);\n  expect(postResponse.body).to.have.property('message', userData.id.toString());\n  cy.log('Created User:', JSON.stringify(postResponse.body));\n});",
              "err": {},
              "uuid": "c7205176-73ed-4c5b-8e68-a64bcad7641f",
              "parentUUID": "aef8e505-7687-4013-95af-40cea3a480bc",
              "isHook": false,
              "skipped": false
            }
          ],
          "suites": [],
          "passes": [
            "c7205176-73ed-4c5b-8e68-a64bcad7641f"
          ],
          "failures": [],
          "pending": [],
          "skipped": [],
          "duration": 578,
          "root": false,
          "rootEmpty": false,
          "_timeout": 2000
        }
      ],
      "passes": [],
      "failures": [],
      "pending": [],
      "skipped": [],
      "duration": 0,
      "root": true,
      "rootEmpty": true,
      "_timeout": 2000
    }
  ],
  "meta": {
    "mocha": {
      "version": "7.2.0"
    },
    "mochawesome": {
      "options": {
        "quiet": false,
        "reportFilename": "mochawesome",
        "saveHtml": true,
        "saveJson": true,
        "consoleReporter": "spec",
        "useInlineDiffs": false,
        "code": true
      },
      "version": "7.1.3"
    },
    "marge": {
      "options": {
        "reportDir": "cypress/results",
        "overwrite": false,
        "html": true,
        "json": true
      },
      "version": "6.2.0"
    }
  }
}