{
  "stats": {
    "suites": 1,
    "tests": 7,
    "passes": 7,
    "pending": 0,
    "failures": 0,
    "start": "2025-05-26T09:49:00.852Z",
    "end": "2025-05-26T09:49:12.879Z",
    "duration": 12027,
    "testsRegistered": 7,
    "passPercent": 100,
    "pendingPercent": 0,
    "other": 0,
    "hasOther": false,
    "skipped": 0,
    "hasSkipped": false
  },
  "results": [
    {
      "uuid": "d48fef8f-c3c2-44ed-bddc-0d27222e181c",
      "title": "",
      "fullFile": "cypress\\e2e\\login.cy.js",
      "file": "cypress\\e2e\\login.cy.js",
      "beforeHooks": [],
      "afterHooks": [],
      "tests": [],
      "suites": [
        {
          "uuid": "1af60042-b81e-4ea8-a71d-b8b9a9e1051b",
          "title": "Login Tests",
          "fullFile": "",
          "file": "",
          "beforeHooks": [],
          "afterHooks": [],
          "tests": [
            {
              "title": "Login page successfully",
              "fullTitle": "Login Tests Login page successfully",
              "timedOut": null,
              "duration": 1153,
              "state": "passed",
              "speed": "fast",
              "pass": true,
              "fail": false,
              "pending": false,
              "context": null,
              "code": "cy.title().should('eq', 'Swag Labs'); // Check page title\nloginPage.submitLogin(Cypress.env('username'), Cypress.env('password')); // Perform login\ncy.url().should('include', '/inventory.html'); // Verify successful navigation",
              "err": {},
              "uuid": "b3c06517-9d62-4b36-9415-01ebf1cb5c2a",
              "parentUUID": "1af60042-b81e-4ea8-a71d-b8b9a9e1051b",
              "isHook": false,
              "skipped": false
            },
            {
              "title": "Login with invalid credentials",
              "fullTitle": "Login Tests Login with invalid credentials",
              "timedOut": null,
              "duration": 973,
              "state": "passed",
              "speed": "fast",
              "pass": true,
              "fail": false,
              "pending": false,
              "context": null,
              "code": "cy.title().should('eq', 'Swag Labs'); // Check page title\nloginPage.submitLogin(Cypress.env('username'), Cypress.env('wrongPassword')); // Attempt login with wrong password\nloginPage.errorMessage('Epic sadface: Username and password do not match any user in this service'); // Check error message",
              "err": {},
              "uuid": "d6c7154e-8216-4d87-a225-af774739dbd7",
              "parentUUID": "1af60042-b81e-4ea8-a71d-b8b9a9e1051b",
              "isHook": false,
              "skipped": false
            },
            {
              "title": "Login with locked out user",
              "fullTitle": "Login Tests Login with locked out user",
              "timedOut": null,
              "duration": 839,
              "state": "passed",
              "speed": "fast",
              "pass": true,
              "fail": false,
              "pending": false,
              "context": null,
              "code": "cy.title().should('eq', 'Swag Labs'); // Check page title\nloginPage.submitLogin(Cypress.env('lockedUsername'), Cypress.env('password')); // Attempt login with locked user\nloginPage.errorMessage('Epic sadface: Sorry, this user has been locked out.'); // Check error message",
              "err": {},
              "uuid": "faf3e6a4-0432-4a94-8650-698b0f329386",
              "parentUUID": "1af60042-b81e-4ea8-a71d-b8b9a9e1051b",
              "isHook": false,
              "skipped": false
            },
            {
              "title": "Login with problem user",
              "fullTitle": "Login Tests Login with problem user",
              "timedOut": null,
              "duration": 998,
              "state": "passed",
              "speed": "fast",
              "pass": true,
              "fail": false,
              "pending": false,
              "context": null,
              "code": "cy.title().should('eq', 'Swag Labs'); // Check page title\nloginPage.submitLogin(Cypress.env('problemUsername'), Cypress.env('password')); // Login as problem user\ncy.url().should('include', '/inventory.html'); // Verify navigation\n// Check that the image is not the expected one\ncy.get('#item_4_img_link').should('not.be.a.equal', '/static/media/sauce-backpack-1200x1500.0a0b85a3.jpg');\n// Add and remove item from cart\ncy.get('#add-to-cart-sauce-labs-backpack').click();\ncy.get('#remove-sauce-labs-backpack').dblclick();\ncy.get('#remove-sauce-labs-backpack').should('be.contain', 'Remove');",
              "err": {},
              "uuid": "37fd69ed-e724-4300-9ed8-964db33431d8",
              "parentUUID": "1af60042-b81e-4ea8-a71d-b8b9a9e1051b",
              "isHook": false,
              "skipped": false
            },
            {
              "title": "Login with performance user",
              "fullTitle": "Login Tests Login with performance user",
              "timedOut": null,
              "duration": 5958,
              "state": "passed",
              "speed": "medium",
              "pass": true,
              "fail": false,
              "pending": false,
              "context": null,
              "code": "const startTime = performance.now();\nconst loadTime = performance.now() - startTime;\ncy.log(`Time to load: ${loadTime.toFixed(0)} ms`); // Log load time\ncy.title().should('eq', 'Swag Labs'); // Check page title\nloginPage.submitLogin(Cypress.env('performanceUsername'), Cypress.env('password')); // Login as performance user\n// Log navigation performance metrics\ncy.window().then(win => {\n  const [entry] = win.performance.getEntriesByType('navigation');\n  console.table({\n    'Full Load': `${entry.loadEventEnd} ms`\n  });\n});\ncy.url().should('include', '/inventory.html'); // Verify navigation",
              "err": {},
              "uuid": "4cb5e589-b04e-4833-82d5-bb819c5df8f0",
              "parentUUID": "1af60042-b81e-4ea8-a71d-b8b9a9e1051b",
              "isHook": false,
              "skipped": false
            },
            {
              "title": "Login with error user",
              "fullTitle": "Login Tests Login with error user",
              "timedOut": null,
              "duration": 989,
              "state": "passed",
              "speed": "fast",
              "pass": true,
              "fail": false,
              "pending": false,
              "context": null,
              "code": "// Handle expected uncaught exception\ncy.on('uncaught:exception', err => {\n  if (err.message.includes('Failed to remove item from cart')) {\n    console.log('Expected Error:', err.message);\n    return false; // Prevent Cypress from failing the test\n  }\n  return true; // Allow other errors to fail the test\n});\ncy.title().should('eq', 'Swag Labs'); // Check page title\nloginPage.submitLogin(Cypress.env('errorUsername'), Cypress.env('password')); // Login as error user\ncy.url().should('include', '/inventory.html'); // Verify navigation\n// Add and remove item from cart, check for correct button state\ncy.get('#item_4_img_link').should('not.be.a.equal', '/static/media/sauce-backpack-1200x1500.0a0b85a3.jpg');\ncy.get('#add-to-cart-sauce-labs-backpack').click();\ncy.get('#remove-sauce-labs-backpack').click();\ncy.get('#remove-sauce-labs-backpack').should('be.contain', 'Remove');",
              "err": {},
              "uuid": "6616fe7c-5a8c-4bd3-997a-d110f831be07",
              "parentUUID": "1af60042-b81e-4ea8-a71d-b8b9a9e1051b",
              "isHook": false,
              "skipped": false
            },
            {
              "title": "Login with visual user",
              "fullTitle": "Login Tests Login with visual user",
              "timedOut": null,
              "duration": 818,
              "state": "passed",
              "speed": "fast",
              "pass": true,
              "fail": false,
              "pending": false,
              "context": null,
              "code": "cy.title().should('eq', 'Swag Labs'); // Check page title\nloginPage.submitLogin(Cypress.env('visualUsername'), Cypress.env('password')); // Login as visual user\ncy.url().should('include', '/inventory.html'); // Verify navigation\n// Check that the image is not the expected or error image\ncy.get('#item_4_img_link').should('not.be.a.equal', '/static/media/sauce-backpack-1200x1500.0a0b85a3.jpg');\ncy.get('#item_4_img_link').should('not.be.a.equal', '/static/media/sl-404.168b1cce.jpg');",
              "err": {},
              "uuid": "e2a2aca8-0c5b-43b8-8c65-fdd99ce7f9c8",
              "parentUUID": "1af60042-b81e-4ea8-a71d-b8b9a9e1051b",
              "isHook": false,
              "skipped": false
            }
          ],
          "suites": [],
          "passes": [
            "b3c06517-9d62-4b36-9415-01ebf1cb5c2a",
            "d6c7154e-8216-4d87-a225-af774739dbd7",
            "faf3e6a4-0432-4a94-8650-698b0f329386",
            "37fd69ed-e724-4300-9ed8-964db33431d8",
            "4cb5e589-b04e-4833-82d5-bb819c5df8f0",
            "6616fe7c-5a8c-4bd3-997a-d110f831be07",
            "e2a2aca8-0c5b-43b8-8c65-fdd99ce7f9c8"
          ],
          "failures": [],
          "pending": [],
          "skipped": [],
          "duration": 11728,
          "root": false,
          "rootEmpty": false,
          "_timeout": 2000
        }
      ],
      "passes": [],
      "failures": [],
      "pending": [],
      "skipped": [],
      "duration": 0,
      "root": true,
      "rootEmpty": true,
      "_timeout": 2000
    }
  ],
  "meta": {
    "mocha": {
      "version": "7.2.0"
    },
    "mochawesome": {
      "options": {
        "quiet": false,
        "reportFilename": "mochawesome",
        "saveHtml": true,
        "saveJson": true,
        "consoleReporter": "spec",
        "useInlineDiffs": false,
        "code": true
      },
      "version": "7.1.3"
    },
    "marge": {
      "options": {
        "reportDir": "cypress/results",
        "overwrite": false,
        "html": true,
        "json": true
      },
      "version": "6.2.0"
    }
  }
}